<?xml version="1.0" encoding="UTF-8"?>
<!-- Generated by org.testng.reporters.JUnitReportReporter -->
<testsuite hostname="PRO-IND-1193" failures="0" tests="1" name="EndToEnd" time="2.371" errors="0" timestamp="2024-04-17T18:31:19 IST" skipped="0">
  <testcase classname="EndToEnd" name="createPlace" time="2.371"/>
  <system-out/>
</testsuite> <!-- EndToEnd -->
