<?xml version="1.0" encoding="UTF-8"?>
<!-- Generated by org.testng.reporters.JUnitReportReporter -->
<testsuite hostname="PRO-IND-1193" failures="0" tests="1" name="updatePlaceAPI" time="2.243" errors="0" timestamp="2024-04-17T16:41:03 IST" skipped="0">
  <testcase classname="updatePlaceAPI" name="updateTest" time="2.243"/>
  <system-out/>
</testsuite> <!-- updatePlaceAPI -->
