<?xml version="1.0" encoding="UTF-8"?>
<!-- Generated by org.testng.reporters.JUnitReportReporter -->
<testsuite hostname="PRO-IND-1193" failures="0" tests="1" name="deleteAPI" time="3.676" errors="0" timestamp="2024-04-17T16:38:37 IST" skipped="0">
  <testcase classname="deleteAPI" name="deleteAPITest" time="3.676"/>
  <system-out/>
</testsuite> <!-- deleteAPI -->
