<?xml version="1.0" encoding="UTF-8"?>
<!-- Generated by org.testng.reporters.JUnitReportReporter -->
<testsuite hostname="PRO-IND-1193" failures="0" tests="1" name="GetPlaceAPI" time="4.696" errors="0" timestamp="2024-04-17T16:30:28 IST" skipped="0">
  <testcase classname="GetPlaceAPI" name="getPlace" time="4.696"/>
  <system-out/>
</testsuite> <!-- GetPlaceAPI -->
