<?xml version="1.0" encoding="UTF-8"?>
<!-- Generated by org.testng.reporters.JUnitReportReporter -->
<testsuite hostname="PRO-IND-1193" failures="0" tests="1" name="TestingComplexPayload" time="10.737" errors="0" timestamp="2024-04-18T15:21:06 IST" skipped="0">
  <testcase classname="TestingComplexPayload" name="courseTesting" time="10.737"/>
  <system-out/>
</testsuite> <!-- TestingComplexPayload -->
