<?xml version="1.0" encoding="UTF-8"?>
<!-- Generated by org.testng.reporters.JUnitReportReporter -->
<testsuite hostname="PRO-IND-1193" failures="0" tests="4" name="EndToEnd" time="5.754" errors="0" timestamp="2024-04-17T17:19:50 IST" skipped="0">
  <testcase classname="EndToEnd" name="createPlace" time="3.391"/>
  <system-out/>
  <testcase classname="EndToEnd" name="getPlace" time="1.040"/>
  <system-out/>
  <testcase classname="EndToEnd" name="updateTest" time="0.173"/>
  <system-out/>
  <testcase classname="EndToEnd" name="deleteAPITest" time="1.150"/>
  <system-out/>
</testsuite> <!-- EndToEnd -->
