<?xml version="1.0" encoding="UTF-8"?>
<!-- Generated by org.testng.reporters.JUnitReportReporter -->
<testsuite hostname="PRO-IND-1193" failures="0" tests="1" name="CreatePlaceAPI" time="3.131" errors="0" timestamp="2024-04-17T16:40:36 IST" skipped="0">
  <testcase classname="CreatePlaceAPI" name="createPlace" time="3.131"/>
  <system-out/>
</testsuite> <!-- CreatePlaceAPI -->
